<?xml version="1.0" encoding="UTF-8"?>
<testng-results ignored="0" total="1" passed="1" failed="0" skipped="0">
  <reporter-output>
  </reporter-output>
  <suite started-at="2022-10-08T02:02:31 IST" name="Default suite" finished-at="2022-10-08T02:03:30 IST" duration-ms="58163">
    <groups>
    </groups>
    <test started-at="2022-10-08T02:02:31 IST" name="Default test" finished-at="2022-10-08T02:03:30 IST" duration-ms="58163">
      <class name="jobofferstitleMatchedwithcheckedboxText">
        <test-method signature="match()[pri:0, instance:jobofferstitleMatchedwithcheckedboxText@34f5090e]" started-at="2022-10-08T02:02:31 IST" name="match" finished-at="2022-10-08T02:03:30 IST" duration-ms="58133" status="PASS">
          <reporter-output>
          </reporter-output>
        </test-method> <!-- match -->
      </class> <!-- jobofferstitleMatchedwithcheckedboxText -->
    </test> <!-- Default test -->
  </suite> <!-- Default suite -->
</testng-results>
